# JRE version: Java(TM) SE Runtime Environment (8.0_333-b02) (build 1.8.0_333-b02)
# Java VM: Java HotSpot(TM) 64-Bit Server VM (25.333-b02 mixed mode windows-amd64 compressed oops)
Heap:
 PSYoungGen      total 341504K, used 245519K [0x000000076b580000, 0x0000000789780000, 0x00000007c0000000)
  eden space 297984K, 82% used [0x000000076b580000,0x000000077a543c90,0x000000077d880000)
  from space 43520K, 0% used [0x000000077d880000,0x000000077d880000,0x0000000780300000)
  to   space 41984K, 0% used [0x0000000786e80000,0x0000000786e80000,0x0000000789780000)
 ParOldGen       total 177664K, used 32067K [0x00000006c2000000, 0x00000006ccd80000, 0x000000076b580000)
  object space 177664K, 18% used [0x00000006c2000000,0x00000006c3f50df0,0x00000006ccd80000)
 Metaspace       used 48848K, capacity 49956K, committed 50136K, reserved 1093632K
  class space    used 5774K, capacity 6047K, committed 6144K, reserved 1048576K
GC Heap History (10 events):
Event: 2.927 GC heap before
{Heap before GC invocations=7 (full 1):
 PSYoungGen      total 140800K, used 140782K [0x000000076b580000, 0x0000000779980000, 0x00000007c0000000)
  eden space 130048K, 100% used [0x000000076b580000,0x0000000773480000,0x0000000773480000)
  from space 10752K, 99% used [0x0000000773480000,0x0000000773efba30,0x0000000773f00000)
  to   space 19456K, 0% used [0x0000000778680000,0x0000000778680000,0x0000000779980000)
 ParOldGen       total 115200K, used 22497K [0x00000006c2000000, 0x00000006c9080000, 0x000000076b580000)
  object space 115200K, 19% used [0x00000006c2000000,0x00000006c35f85e0,0x00000006c9080000)
 Metaspace       used 24422K, capacity 25070K, committed 25344K, reserved 1071104K
  class space    used 2801K, capacity 2966K, committed 3072K, reserved 1048576K
Event: 2.937 GC heap after
Heap after GC invocations=7 (full 1):
 PSYoungGen      total 208384K, used 19440K [0x000000076b580000, 0x000000077ae80000, 0x00000007c0000000)
  eden space 188928K, 0% used [0x000000076b580000,0x000000076b580000,0x0000000776e00000)
  from space 19456K, 99% used [0x0000000778680000,0x000000077997c1f0,0x0000000779980000)
  to   space 25088K, 0% used [0x0000000776e00000,0x0000000776e00000,0x0000000778680000)
 ParOldGen       total 115200K, used 28234K [0x00000006c2000000, 0x00000006c9080000, 0x000000076b580000)
  object space 115200K, 24% used [0x00000006c2000000,0x00000006c3b92bb8,0x00000006c9080000)
 Metaspace       used 24422K, capacity 25070K, committed 25344K, reserved 1071104K
  class space    used 2801K, capacity 2966K, committed 3072K, reserved 1048576K
}
Event: 3.413 GC heap before
{Heap before GC invocations=8 (full 1):
 PSYoungGen      total 208384K, used 208368K [0x000000076b580000, 0x000000077ae80000, 0x00000007c0000000)
  eden space 188928K, 100% used [0x000000076b580000,0x0000000776e00000,0x0000000776e00000)
  from space 19456K, 99% used [0x0000000778680000,0x000000077997c1f0,0x0000000779980000)
  to   space 25088K, 0% used [0x0000000776e00000,0x0000000776e00000,0x0000000778680000)
 ParOldGen       total 115200K, used 28234K [0x00000006c2000000, 0x00000006c9080000, 0x000000076b580000)
  object space 115200K, 24% used [0x00000006c2000000,0x00000006c3b92bb8,0x00000006c9080000)
 Metaspace       used 24424K, capacity 25070K, committed 25344K, reserved 1071104K
  class space    used 2801K, capacity 2966K, committed 3072K, reserved 1048576K
Event: 3.428 GC heap after
Heap after GC invocations=8 (full 1):
 PSYoungGen      total 214016K, used 25069K [0x000000076b580000, 0x0000000782580000, 0x00000007c0000000)
  eden space 188928K, 0% used [0x000000076b580000,0x000000076b580000,0x0000000776e00000)
  from space 25088K, 99% used [0x0000000776e00000,0x000000077867b620,0x0000000778680000)
  to   space 35328K, 0% used [0x0000000780300000,0x0000000780300000,0x0000000782580000)
 ParOldGen       total 115200K, used 41101K [0x00000006c2000000, 0x00000006c9080000, 0x000000076b580000)
  object space 115200K, 35% used [0x00000006c2000000,0x00000006c48235e0,0x00000006c9080000)
 Metaspace       used 24424K, capacity 25070K, committed 25344K, reserved 1071104K
  class space    used 2801K, capacity 2966K, committed 3072K, reserved 1048576K
}
Event: 3.841 GC heap before
{Heap before GC invocations=9 (full 1):
 PSYoungGen      total 214016K, used 213997K [0x000000076b580000, 0x0000000782580000, 0x00000007c0000000)
  eden space 188928K, 100% used [0x000000076b580000,0x0000000776e00000,0x0000000776e00000)
  from space 25088K, 99% used [0x0000000776e00000,0x000000077867b620,0x0000000778680000)
  to   space 35328K, 0% used [0x0000000780300000,0x0000000780300000,0x0000000782580000)
 ParOldGen       total 115200K, used 41101K [0x00000006c2000000, 0x00000006c9080000, 0x000000076b580000)
  object space 115200K, 35% used [0x00000006c2000000,0x00000006c48235e0,0x00000006c9080000)
 Metaspace       used 24440K, capacity 25136K, committed 25344K, reserved 1071104K
  class space    used 2804K, capacity 2968K, committed 3072K, reserved 1048576K
Event: 3.858 GC heap after
Heap after GC invocations=9 (full 1):
 PSYoungGen      total 333312K, used 35319K [0x000000076b580000, 0x0000000783e80000, 0x00000007c0000000)
  eden space 297984K, 0% used [0x000000076b580000,0x000000076b580000,0x000000077d880000)
  from space 35328K, 99% used [0x0000000780300000,0x000000078257dfc8,0x0000000782580000)
  to   space 43520K, 0% used [0x000000077d880000,0x000000077d880000,0x0000000780300000)
 ParOldGen       total 115200K, used 47000K [0x00000006c2000000, 0x00000006c9080000, 0x000000076b580000)
  object space 115200K, 40% used [0x00000006c2000000,0x00000006c4de62f8,0x00000006c9080000)
 Metaspace       used 24440K, capacity 25136K, committed 25344K, reserved 1071104K
  class space    used 2804K, capacity 2968K, committed 3072K, reserved 1048576K
}
Event: 5.181 GC heap before
{Heap before GC invocations=10 (full 1):
 PSYoungGen      total 333312K, used 131931K [0x000000076b580000, 0x0000000783e80000, 0x00000007c0000000)
  eden space 297984K, 32% used [0x000000076b580000,0x00000007713d8c50,0x000000077d880000)
  from space 35328K, 99% used [0x0000000780300000,0x000000078257dfc8,0x0000000782580000)
  to   space 43520K, 0% used [0x000000077d880000,0x000000077d880000,0x0000000780300000)
 ParOldGen       total 115200K, used 47000K [0x00000006c2000000, 0x00000006c9080000, 0x000000076b580000)
  object space 115200K, 40% used [0x00000006c2000000,0x00000006c4de62f8,0x00000006c9080000)
 Metaspace       used 34469K, capacity 35186K, committed 35416K, reserved 1081344K
  class space    used 3991K, capacity 4224K, committed 4224K, reserved 1048576K
Event: 5.189 GC heap after
Heap after GC invocations=10 (full 1):
 PSYoungGen      total 341504K, used 15612K [0x000000076b580000, 0x0000000789780000, 0x00000007c0000000)
  eden space 297984K, 0% used [0x000000076b580000,0x000000076b580000,0x000000077d880000)
  from space 43520K, 35% used [0x000000077d880000,0x000000077e7bf0a8,0x0000000780300000)
  to   space 41984K, 0% used [0x0000000786e80000,0x0000000786e80000,0x0000000789780000)
 ParOldGen       total 115200K, used 51043K [0x00000006c2000000, 0x00000006c9080000, 0x000000076b580000)
  object space 115200K, 44% used [0x00000006c2000000,0x00000006c51d8d38,0x00000006c9080000)
 Metaspace       used 34469K, capacity 35186K, committed 35416K, reserved 1081344K
  class space    used 3991K, capacity 4224K, committed 4224K, reserved 1048576K
}
Event: 5.189 GC heap before
{Heap before GC invocations=11 (full 2):
 PSYoungGen      total 341504K, used 15612K [0x000000076b580000, 0x0000000789780000, 0x00000007c0000000)
  eden space 297984K, 0% used [0x000000076b580000,0x000000076b580000,0x000000077d880000)
  from space 43520K, 35% used [0x000000077d880000,0x000000077e7bf0a8,0x0000000780300000)
  to   space 41984K, 0% used [0x0000000786e80000,0x0000000786e80000,0x0000000789780000)
 ParOldGen       total 115200K, used 51043K [0x00000006c2000000, 0x00000006c9080000, 0x000000076b580000)
  object space 115200K, 44% used [0x00000006c2000000,0x00000006c51d8d38,0x00000006c9080000)
 Metaspace       used 34469K, capacity 35186K, committed 35416K, reserved 1081344K
  class space    used 3991K, capacity 4224K, committed 4224K, reserved 1048576K
Event: 5.217 GC heap after
Heap after GC invocations=11 (full 2):
 PSYoungGen      total 341504K, used 0K [0x000000076b580000, 0x0000000789780000, 0x00000007c0000000)
  eden space 297984K, 0% used [0x000000076b580000,0x000000076b580000,0x000000077d880000)
  from space 43520K, 0% used [0x000000077d880000,0x000000077d880000,0x0000000780300000)
  to   space 41984K, 0% used [0x0000000786e80000,0x0000000786e80000,0x0000000789780000)
 ParOldGen       total 177664K, used 32067K [0x00000006c2000000, 0x00000006ccd80000, 0x000000076b580000)
  object space 177664K, 18% used [0x00000006c2000000,0x00000006c3f50df0,0x00000006ccd80000)
 Metaspace       used 34469K, capacity 35186K, committed 35416K, reserved 1081344K
  class space    used 3991K, capacity 4224K, committed 4224K, reserved 1048576K
}

