# JRE version: Java(TM) SE Runtime Environment (8.0_333-b02) (build 1.8.0_333-b02)
# Java VM: Java HotSpot(TM) 64-Bit Server VM (25.333-b02 mixed mode windows-amd64 compressed oops)
Heap:
 PSYoungGen      total 75776K, used 49903K [0x000000076b580000, 0x0000000772d80000, 0x00000007c0000000)
  eden space 65024K, 60% used [0x000000076b580000,0x000000076dbc2b88,0x000000076f500000)
  from space 10752K, 99% used [0x000000076f500000,0x000000076ff790a8,0x000000076ff80000)
  to   space 13312K, 0% used [0x0000000772080000,0x0000000772080000,0x0000000772d80000)
 ParOldGen       total 115200K, used 13564K [0x00000006c2000000, 0x00000006c9080000, 0x000000076b580000)
  object space 115200K, 11% used [0x00000006c2000000,0x00000006c2d3f350,0x00000006c9080000)
 Metaspace       used 24407K, capacity 25002K, committed 25344K, reserved 1071104K
  class space    used 2801K, capacity 2966K, committed 3072K, reserved 1048576K
GC Heap History (10 events):
Event: 1.508 GC heap before
{Heap before GC invocations=2 (full 0):
 PSYoungGen      total 75776K, used 74683K [0x000000076b580000, 0x0000000770a00000, 0x00000007c0000000)
  eden space 65024K, 100% used [0x000000076b580000,0x000000076f500000,0x000000076f500000)
  from space 10752K, 89% used [0x000000076f500000,0x000000076fe6ec00,0x000000076ff80000)
  to   space 10752K, 0% used [0x000000076ff80000,0x000000076ff80000,0x0000000770a00000)
 ParOldGen       total 173568K, used 16K [0x00000006c2000000, 0x00000006cc980000, 0x000000076b580000)
  object space 173568K, 0% used [0x00000006c2000000,0x00000006c2004000,0x00000006cc980000)
 Metaspace       used 16124K, capacity 16442K, committed 16640K, reserved 1064960K
  class space    used 1907K, capacity 2010K, committed 2048K, reserved 1048576K
Event: 1.514 GC heap after
Heap after GC invocations=2 (full 0):
 PSYoungGen      total 75776K, used 10598K [0x000000076b580000, 0x0000000770a00000, 0x00000007c0000000)
  eden space 65024K, 0% used [0x000000076b580000,0x000000076b580000,0x000000076f500000)
  from space 10752K, 98% used [0x000000076ff80000,0x00000007709d98b0,0x0000000770a00000)
  to   space 10752K, 0% used [0x000000076f500000,0x000000076f500000,0x000000076ff80000)
 ParOldGen       total 173568K, used 32K [0x00000006c2000000, 0x00000006cc980000, 0x000000076b580000)
  object space 173568K, 0% used [0x00000006c2000000,0x00000006c2008000,0x00000006cc980000)
 Metaspace       used 16124K, capacity 16442K, committed 16640K, reserved 1064960K
  class space    used 1907K, capacity 2010K, committed 2048K, reserved 1048576K
}
Event: 2.040 GC heap before
{Heap before GC invocations=3 (full 0):
 PSYoungGen      total 75776K, used 75622K [0x000000076b580000, 0x0000000770a00000, 0x00000007c0000000)
  eden space 65024K, 100% used [0x000000076b580000,0x000000076f500000,0x000000076f500000)
  from space 10752K, 98% used [0x000000076ff80000,0x00000007709d98b0,0x0000000770a00000)
  to   space 10752K, 0% used [0x000000076f500000,0x000000076f500000,0x000000076ff80000)
 ParOldGen       total 173568K, used 32K [0x00000006c2000000, 0x00000006cc980000, 0x000000076b580000)
  object space 173568K, 0% used [0x00000006c2000000,0x00000006c2008000,0x00000006cc980000)
 Metaspace       used 17748K, capacity 18194K, committed 18560K, reserved 1064960K
  class space    used 2028K, capacity 2124K, committed 2176K, reserved 1048576K
Event: 2.046 GC heap after
Heap after GC invocations=3 (full 0):
 PSYoungGen      total 75776K, used 10734K [0x000000076b580000, 0x0000000770a00000, 0x00000007c0000000)
  eden space 65024K, 0% used [0x000000076b580000,0x000000076b580000,0x000000076f500000)
  from space 10752K, 99% used [0x000000076f500000,0x000000076ff7b9a8,0x000000076ff80000)
  to   space 10752K, 0% used [0x000000076ff80000,0x000000076ff80000,0x0000000770a00000)
 ParOldGen       total 173568K, used 132K [0x00000006c2000000, 0x00000006cc980000, 0x000000076b580000)
  object space 173568K, 0% used [0x00000006c2000000,0x00000006c2021010,0x00000006cc980000)
 Metaspace       used 17748K, capacity 18194K, committed 18560K, reserved 1064960K
  class space    used 2028K, capacity 2124K, committed 2176K, reserved 1048576K
}
Event: 2.759 GC heap before
{Heap before GC invocations=4 (full 0):
 PSYoungGen      total 75776K, used 54387K [0x000000076b580000, 0x0000000770a00000, 0x00000007c0000000)
  eden space 65024K, 67% used [0x000000076b580000,0x000000076e021540,0x000000076f500000)
  from space 10752K, 99% used [0x000000076f500000,0x000000076ff7b9a8,0x000000076ff80000)
  to   space 10752K, 0% used [0x000000076ff80000,0x000000076ff80000,0x0000000770a00000)
 ParOldGen       total 173568K, used 132K [0x00000006c2000000, 0x00000006cc980000, 0x000000076b580000)
  object space 173568K, 0% used [0x00000006c2000000,0x00000006c2021010,0x00000006cc980000)
 Metaspace       used 20567K, capacity 21116K, committed 21248K, reserved 1069056K
  class space    used 2362K, capacity 2525K, committed 2560K, reserved 1048576K
Event: 2.766 GC heap after
Heap after GC invocations=4 (full 0):
 PSYoungGen      total 75776K, used 10744K [0x000000076b580000, 0x0000000770a00000, 0x00000007c0000000)
  eden space 65024K, 0% used [0x000000076b580000,0x000000076b580000,0x000000076f500000)
  from space 10752K, 99% used [0x000000076ff80000,0x00000007709fe050,0x0000000770a00000)
  to   space 10752K, 0% used [0x000000076f500000,0x000000076f500000,0x000000076ff80000)
 ParOldGen       total 173568K, used 2792K [0x00000006c2000000, 0x00000006cc980000, 0x000000076b580000)
  object space 173568K, 1% used [0x00000006c2000000,0x00000006c22ba2b0,0x00000006cc980000)
 Metaspace       used 20567K, capacity 21116K, committed 21248K, reserved 1069056K
  class space    used 2362K, capacity 2525K, committed 2560K, reserved 1048576K
}
Event: 2.766 GC heap before
{Heap before GC invocations=5 (full 1):
 PSYoungGen      total 75776K, used 10744K [0x000000076b580000, 0x0000000770a00000, 0x00000007c0000000)
  eden space 65024K, 0% used [0x000000076b580000,0x000000076b580000,0x000000076f500000)
  from space 10752K, 99% used [0x000000076ff80000,0x00000007709fe050,0x0000000770a00000)
  to   space 10752K, 0% used [0x000000076f500000,0x000000076f500000,0x000000076ff80000)
 ParOldGen       total 173568K, used 2792K [0x00000006c2000000, 0x00000006cc980000, 0x000000076b580000)
  object space 173568K, 1% used [0x00000006c2000000,0x00000006c22ba2b0,0x00000006cc980000)
 Metaspace       used 20567K, capacity 21116K, committed 21248K, reserved 1069056K
  class space    used 2362K, capacity 2525K, committed 2560K, reserved 1048576K
Event: 2.791 GC heap after
Heap after GC invocations=5 (full 1):
 PSYoungGen      total 75776K, used 0K [0x000000076b580000, 0x0000000770a00000, 0x00000007c0000000)
  eden space 65024K, 0% used [0x000000076b580000,0x000000076b580000,0x000000076f500000)
  from space 10752K, 0% used [0x000000076ff80000,0x000000076ff80000,0x0000000770a00000)
  to   space 10752K, 0% used [0x000000076f500000,0x000000076f500000,0x000000076ff80000)
 ParOldGen       total 115200K, used 13268K [0x00000006c2000000, 0x00000006c9080000, 0x000000076b580000)
  object space 115200K, 11% used [0x00000006c2000000,0x00000006c2cf53e8,0x00000006c9080000)
 Metaspace       used 20567K, capacity 21116K, committed 21248K, reserved 1069056K
  class space    used 2362K, capacity 2525K, committed 2560K, reserved 1048576K
}
Event: 3.302 GC heap before
{Heap before GC invocations=6 (full 1):
 PSYoungGen      total 75776K, used 65024K [0x000000076b580000, 0x0000000770a00000, 0x00000007c0000000)
  eden space 65024K, 100% used [0x000000076b580000,0x000000076f500000,0x000000076f500000)
  from space 10752K, 0% used [0x000000076ff80000,0x000000076ff80000,0x0000000770a00000)
  to   space 10752K, 0% used [0x000000076f500000,0x000000076f500000,0x000000076ff80000)
 ParOldGen       total 115200K, used 13268K [0x00000006c2000000, 0x00000006c9080000, 0x000000076b580000)
  object space 115200K, 11% used [0x00000006c2000000,0x00000006c2cf53e8,0x00000006c9080000)
 Metaspace       used 24383K, capacity 24996K, committed 25344K, reserved 1071104K
  class space    used 2799K, capacity 2964K, committed 3072K, reserved 1048576K
Event: 3.306 GC heap after
Heap after GC invocations=6 (full 1):
 PSYoungGen      total 75776K, used 10724K [0x000000076b580000, 0x0000000772d80000, 0x00000007c0000000)
  eden space 65024K, 0% used [0x000000076b580000,0x000000076b580000,0x000000076f500000)
  from space 10752K, 99% used [0x000000076f500000,0x000000076ff790a8,0x000000076ff80000)
  to   space 13312K, 0% used [0x0000000772080000,0x0000000772080000,0x0000000772d80000)
 ParOldGen       total 115200K, used 13564K [0x00000006c2000000, 0x00000006c9080000, 0x000000076b580000)
  object space 115200K, 11% used [0x00000006c2000000,0x00000006c2d3f350,0x00000006c9080000)
 Metaspace       used 24383K, capacity 24996K, committed 25344K, reserved 1071104K
  class space    used 2799K, capacity 2964K, committed 3072K, reserved 1048576K
}

